2025-11-16 21:18:07,557 - __main__ - INFO - Using default stock list...
2025-11-16 21:18:07,557 - __main__ - INFO - 
Starting analysis of 30 stocks...

2025-11-16 21:18:07,557 - recommender - INFO - Analyzing 30 stocks...
2025-11-16 21:18:07,557 - data_fetcher - INFO - Fetching info for AAPL...
2025-11-16 21:18:07,957 - data_fetcher - INFO - Fetching financial statements for AAPL...
2025-11-16 21:18:08,623 - recommender - INFO - ✓ AAPL - Score: 53.0
2025-11-16 21:18:08,623 - data_fetcher - INFO - Fetching info for MSFT...
2025-11-16 21:18:08,824 - data_fetcher - INFO - Fetching financial statements for MSFT...
2025-11-16 21:18:09,615 - recommender - INFO - ✓ MSFT - Score: 57.0
2025-11-16 21:18:09,615 - data_fetcher - INFO - Fetching info for GOOGL...
2025-11-16 21:18:09,832 - data_fetcher - INFO - Fetching financial statements for GOOGL...
2025-11-16 21:18:10,682 - recommender - INFO - ✓ GOOGL - Score: 75.0
2025-11-16 21:18:10,682 - data_fetcher - INFO - Fetching info for AMZN...
2025-11-16 21:18:10,900 - data_fetcher - INFO - Fetching financial statements for AMZN...
2025-11-16 21:18:11,894 - recommender - INFO - ✓ AMZN - Score: 70.0
2025-11-16 21:18:11,894 - data_fetcher - INFO - Fetching info for TSLA...
2025-11-16 21:18:12,134 - data_fetcher - INFO - Fetching financial statements for TSLA...
2025-11-16 21:18:12,845 - recommender - INFO - ✓ TSLA - Score: 20.0
2025-11-16 21:18:12,845 - data_fetcher - INFO - Fetching info for JNJ...
2025-11-16 21:18:13,087 - data_fetcher - INFO - Fetching financial statements for JNJ...
2025-11-16 21:18:13,842 - recommender - INFO - ✓ JNJ - Score: 70.0
2025-11-16 21:18:13,842 - data_fetcher - INFO - Fetching info for V...
2025-11-16 21:18:14,042 - data_fetcher - INFO - Fetching financial statements for V...
2025-11-16 21:18:14,669 - recommender - INFO - ✓ V - Score: 62.0
2025-11-16 21:18:14,669 - data_fetcher - INFO - Fetching info for WMT...
2025-11-16 21:18:14,907 - data_fetcher - INFO - Fetching financial statements for WMT...
2025-11-16 21:18:15,794 - recommender - INFO - ✓ WMT - Score: 70.0
2025-11-16 21:18:15,794 - data_fetcher - INFO - Fetching info for JPM...
2025-11-16 21:18:16,003 - data_fetcher - INFO - Fetching financial statements for JPM...
2025-11-16 21:18:16,718 - recommender - WARNING - No metrics for JPM
2025-11-16 21:18:16,718 - data_fetcher - INFO - Fetching info for MA...
2025-11-16 21:18:16,942 - data_fetcher - INFO - Fetching financial statements for MA...
2025-11-16 21:18:17,689 - recommender - INFO - ✓ MA - Score: 72.0
2025-11-16 21:18:17,690 - data_fetcher - INFO - Fetching info for PG...
2025-11-16 21:18:17,970 - data_fetcher - INFO - Fetching financial statements for PG...
2025-11-16 21:18:18,598 - recommender - INFO - ✓ PG - Score: 70.0
2025-11-16 21:18:18,598 - data_fetcher - INFO - Fetching info for UNH...
2025-11-16 21:18:18,801 - data_fetcher - INFO - Fetching financial statements for UNH...
2025-11-16 21:18:19,424 - recommender - INFO - ✓ UNH - Score: 70.0
2025-11-16 21:18:19,424 - data_fetcher - INFO - Fetching info for HD...
2025-11-16 21:18:19,685 - data_fetcher - INFO - Fetching financial statements for HD...
2025-11-16 21:18:20,272 - recommender - INFO - ✓ HD - Score: 95.0
2025-11-16 21:18:20,272 - data_fetcher - INFO - Fetching info for DIS...
2025-11-16 21:18:20,505 - data_fetcher - INFO - Fetching financial statements for DIS...
2025-11-16 21:18:21,193 - recommender - INFO - ✓ DIS - Score: 70.0
2025-11-16 21:18:21,193 - data_fetcher - INFO - Fetching info for NFLX...
2025-11-16 21:18:21,387 - data_fetcher - INFO - Fetching financial statements for NFLX...
2025-11-16 21:18:22,587 - recommender - INFO - ✓ NFLX - Score: 25.0
2025-11-16 21:18:22,587 - data_fetcher - INFO - Fetching info for NVDA...
2025-11-16 21:18:22,868 - data_fetcher - INFO - Fetching financial statements for NVDA...
2025-11-16 21:18:23,532 - recommender - INFO - ✓ NVDA - Score: 50.0
2025-11-16 21:18:23,532 - data_fetcher - INFO - Fetching info for META...
2025-11-16 21:18:23,748 - data_fetcher - INFO - Fetching financial statements for META...
2025-11-16 21:18:24,793 - recommender - INFO - ✓ META - Score: 70.0
2025-11-16 21:18:24,793 - data_fetcher - INFO - Fetching info for PYPL...
2025-11-16 21:18:25,080 - data_fetcher - INFO - Fetching financial statements for PYPL...
2025-11-16 21:18:25,684 - recommender - INFO - ✓ PYPL - Score: 75.0
2025-11-16 21:18:25,684 - data_fetcher - INFO - Fetching info for INTC...
2025-11-16 21:18:25,902 - data_fetcher - INFO - Fetching financial statements for INTC...
2025-11-16 21:18:26,753 - recommender - INFO - ✓ INTC - Score: 65.0
2025-11-16 21:18:26,753 - data_fetcher - INFO - Fetching info for AMD...
2025-11-16 21:18:26,945 - data_fetcher - INFO - Fetching financial statements for AMD...
2025-11-16 21:18:27,772 - recommender - INFO - ✓ AMD - Score: 20.0
2025-11-16 21:18:27,772 - data_fetcher - INFO - Fetching info for BA...
2025-11-16 21:18:28,064 - data_fetcher - INFO - Fetching financial statements for BA...
2025-11-16 21:18:28,899 - recommender - WARNING - No metrics for BA
2025-11-16 21:18:28,899 - data_fetcher - INFO - Fetching info for IBM...
2025-11-16 21:18:29,096 - data_fetcher - INFO - Fetching financial statements for IBM...
2025-11-16 21:18:29,850 - recommender - INFO - ✓ IBM - Score: 70.0
2025-11-16 21:18:29,850 - data_fetcher - INFO - Fetching info for T...
2025-11-16 21:18:30,189 - data_fetcher - INFO - Fetching financial statements for T...
2025-11-16 21:18:30,951 - recommender - INFO - ✓ T - Score: 75.0
2025-11-16 21:18:30,951 - data_fetcher - INFO - Fetching info for VZ...
2025-11-16 21:18:31,193 - data_fetcher - INFO - Fetching financial statements for VZ...
2025-11-16 21:18:31,823 - recommender - INFO - ✓ VZ - Score: 70.0
2025-11-16 21:18:31,823 - data_fetcher - INFO - Fetching info for KO...
2025-11-16 21:18:32,021 - data_fetcher - INFO - Fetching financial statements for KO...
2025-11-16 21:18:33,106 - recommender - INFO - ✓ KO - Score: 33.0
2025-11-16 21:18:33,106 - data_fetcher - INFO - Fetching info for PEP...
2025-11-16 21:18:33,409 - data_fetcher - INFO - Fetching financial statements for PEP...
2025-11-16 21:18:34,067 - recommender - INFO - ✓ PEP - Score: 80.0
2025-11-16 21:18:34,067 - data_fetcher - INFO - Fetching info for MCD...
2025-11-16 21:18:34,358 - data_fetcher - INFO - Fetching financial statements for MCD...
2025-11-16 21:18:35,201 - recommender - WARNING - No metrics for MCD
2025-11-16 21:18:35,201 - data_fetcher - INFO - Fetching info for NKE...
2025-11-16 21:18:35,412 - data_fetcher - INFO - Fetching financial statements for NKE...
2025-11-16 21:18:36,270 - recommender - INFO - ✓ NKE - Score: 70.0
2025-11-16 21:18:36,270 - data_fetcher - INFO - Fetching info for SBUX...
2025-11-16 21:18:36,474 - data_fetcher - INFO - Fetching financial statements for SBUX...
2025-11-16 21:18:37,395 - recommender - WARNING - No metrics for SBUX
2025-11-16 21:18:37,395 - data_fetcher - INFO - Fetching info for ABT...
2025-11-16 21:18:37,640 - data_fetcher - INFO - Fetching financial statements for ABT...
2025-11-16 21:18:38,219 - recommender - INFO - ✓ ABT - Score: 52.0
2025-11-16 21:18:38,219 - recommender - INFO - Successfully analyzed 26/30 stocks
2025-11-16 21:18:38,223 - __main__ - INFO - Results saved to stock_recommendations.csv
